<?xml version="1.0" encoding="UTF-8" ?>
<testsuite tests="7" failures="6" name="Vending.service.VendingServiceLayerImplTest" time="0.021" errors="0" skipped="0">
  <properties>
[...]
</properties>
  <testcase classname="Vending.service.VendingServiceLayerImplTest" name="Vending.service.VendingServiceLayerImplTest.testDisplayItems" time="0.002"/>
  <testcase classname="Vending.service.VendingServiceLayerImplTest" name="Vending.service.VendingServiceLayerImplTest.testChooseItem" time="0.002">
    <failure message="Invalid funds" type="Vending.service.VendingInsufficientFundsException">Vending.service.VendingInsufficientFundsException: Invalid funds
	at Vending.service.VendingServiceLayerImpl.chooseItem(VendingServiceLayerImpl.java:36)
	at Vending.service.VendingServiceLayerImplTest.testChooseItem(VendingServiceLayerImplTest.java:54)
</failure>
  </testcase>
  <testcase classname="Vending.service.VendingServiceLayerImplTest" name="Vending.service.VendingServiceLayerImplTest.testGetItemCost" time="0.012">
    <failure message="Should have recieved the item cost of 0.50 or 50 pennies ==&gt; expected: &lt;50.0&gt; but was: &lt;50.00&gt;" type="org.opentest4j.AssertionFailedError">org.opentest4j.AssertionFailedError: Should have recieved the item cost of 0.50 or 50 pennies ==&gt; expected: &lt;50.0&gt; but was: &lt;50.00&gt;
	at org.junit.jupiter.api.AssertionUtils.fail(AssertionUtils.java:55)
	at org.junit.jupiter.api.AssertionUtils.failNotEqual(AssertionUtils.java:62)
	at org.junit.jupiter.api.AssertEquals.assertEquals(AssertEquals.java:182)
	at org.junit.jupiter.api.Assertions.assertEquals(Assertions.java:1135)
	at Vending.service.VendingServiceLayerImplTest.testGetItemCost(VendingServiceLayerImplTest.java:128)
</failure>
  </testcase>
  <testcase classname="Vending.service.VendingServiceLayerImplTest" name="Vending.service.VendingServiceLayerImplTest.testGetInventory" time="0.001">
    <failure message="Should return 9 because the returnedItem has 7 left in stock ==&gt; expected: &lt;9&gt; but was: &lt;10&gt;" type="org.opentest4j.AssertionFailedError">org.opentest4j.AssertionFailedError: Should return 9 because the returnedItem has 7 left in stock ==&gt; expected: &lt;9&gt; but was: &lt;10&gt;
	at org.junit.jupiter.api.AssertionUtils.fail(AssertionUtils.java:55)
	at org.junit.jupiter.api.AssertionUtils.failNotEqual(AssertionUtils.java:62)
	at org.junit.jupiter.api.AssertEquals.assertEquals(AssertEquals.java:150)
	at org.junit.jupiter.api.Assertions.assertEquals(Assertions.java:542)
	at Vending.service.VendingServiceLayerImplTest.testGetInventory(VendingServiceLayerImplTest.java:142)
</failure>
  </testcase>
  <testcase classname="Vending.service.VendingServiceLayerImplTest" name="Vending.service.VendingServiceLayerImplTest.testNoItemInventoryTest" time="0.001">
    <failure message="Invalid funds" type="Vending.service.VendingInsufficientFundsException">Vending.service.VendingInsufficientFundsException: Invalid funds
	at Vending.service.VendingServiceLayerImpl.chooseItem(VendingServiceLayerImpl.java:36)
	at Vending.service.VendingServiceLayerImplTest.testNoItemInventoryTest(VendingServiceLayerImplTest.java:91)
</failure>
  </testcase>
  <testcase classname="Vending.service.VendingServiceLayerImplTest" name="Vending.service.VendingServiceLayerImplTest.testUpdateInventory" time="0.002">
    <failure message="Invalid funds" type="Vending.service.VendingInsufficientFundsException">Vending.service.VendingInsufficientFundsException: Invalid funds
	at Vending.service.VendingServiceLayerImpl.chooseItem(VendingServiceLayerImpl.java:36)
	at Vending.service.VendingServiceLayerImplTest.testUpdateInventory(VendingServiceLayerImplTest.java:111)
</failure>
  </testcase>
  <testcase classname="Vending.service.VendingServiceLayerImplTest" name="Vending.service.VendingServiceLayerImplTest.testInsufficientFunds" time="0.001">
    <failure message="Invalid funds" type="Vending.service.VendingInsufficientFundsException">Vending.service.VendingInsufficientFundsException: Invalid funds
	at Vending.service.VendingServiceLayerImpl.chooseItem(VendingServiceLayerImpl.java:36)
	at Vending.service.VendingServiceLayerImplTest.testInsufficientFunds(VendingServiceLayerImplTest.java:71)
</failure>
  </testcase>
</testsuite>