<?xml version="1.0" encoding="UTF-8" ?>
<testsuite tests="7" failures="6" name="Vending.service.VendingServiceLayerImplTest" time="0.021" errors="0" skipped="0">
  <properties>
    <property name="java.runtime.name" value="OpenJDK Runtime Environment"/>
    <property name="java.vm.version" value="11.0.14.1+1"/>
    <property name="sun.boot.library.path" value="C:\Program Files\Eclipse Adoptium\jdk-11.0.14.101-hotspot\bin"/>
    <property name="maven.multiModuleProjectDirectory" value="C:\Users\khani\Documents\NetBeansProjects\VendingMachine"/>
    <property name="java.vm.vendor" value="Eclipse Adoptium"/>
    <property name="java.vendor.url" value="https://adoptium.net/"/>
    <property name="guice.disable.misplaced.annotation.check" value="true"/>
    <property name="path.separator" value=";"/>
    <property name="java.vm.name" value="OpenJDK 64-Bit Server VM"/>
    <property name="sun.os.patch.level" value=""/>
    <property name="user.script" value=""/>
    <property name="user.country" value="US"/>
    <property name="sun.java.launcher" value="SUN_STANDARD"/>
    <property name="test" value="Vending.service.VendingServiceLayerImplTest"/>
    <property name="java.vm.specification.name" value="Java Virtual Machine Specification"/>
    <property name="user.dir" value="C:\Users\khani\Documents\NetBeansProjects\VendingMachine"/>
    <property name="java.vm.compressedOopsMode" value="Zero based"/>
    <property name="java.runtime.version" value="11.0.14.1+1"/>
    <property name="java.awt.graphicsenv" value="sun.awt.Win32GraphicsEnvironment"/>
    <property name="os.arch" value="amd64"/>
    <property name="java.io.tmpdir" value="C:\Users\khani\AppData\Local\Temp\"/>
    <property name="line.separator" value="
"/>
    <property name="java.vm.specification.vendor" value="Oracle Corporation"/>
    <property name="user.variant" value=""/>
    <property name="os.name" value="Windows 11"/>
    <property name="maven.ext.class.path" value="C:\Program Files\NetBeans-12.0\netbeans\java\maven-nblib\netbeans-eventspy.jar"/>
    <property name="classworlds.conf" value="C:\Program Files\NetBeans-12.0\netbeans\java\maven\bin\..\bin\m2.conf"/>
    <property name="sun.jnu.encoding" value="Cp1252"/>
    <property name="java.library.path" value="C:\Program Files\Eclipse Adoptium\jdk-11.0.14.101-hotspot\bin;C:\WINDOWS\Sun\Java\bin;C:\WINDOWS\system32;C:\WINDOWS;C:\Program Files\Eclipse Adoptium\jdk-11.0.14.101-hotspot\bin;C:\Python39\Scripts\;C:\Python39\;C:\Python38\Scripts\;C:\Python38\;C:\WINDOWS\system32;C:\WINDOWS;C:\WINDOWS\System32\Wbem;C:\WINDOWS\System32\WindowsPowerShell\v1.0\;C:\WINDOWS\System32\OpenSSH\;C:\Program Files\Intel\WiFi\bin\;C:\Program Files\Common Files\Intel\WirelessCommon\;C:\Program Files (x86)\Microsoft SQL Server\150\DTS\Binn\;C:\ProgramData\chocolatey\bin;C:\Program Files\Azure Data Studio\bin;C:\Program Files (x86)\Windows Live\Shared;C:\Program Files\nodejs\;C:\Program Files (x86)\AOMEI\AOMEI Backupper\6.8.0;C:\Program Files\Git\cmd;C:\Users\khani\AppData\Local\Programs\Python\Python36-32\Scripts\;C:\Users\khani\AppData\Local\Programs\Python\Python36-32\;C:\Users\khani\AppData\Local\Microsoft\WindowsApps;C:\Users\khani\AppData\Local\Programs\Microsoft VS Code\bin;C:\Program Files\Azure Data Studio\bin;C:\Users\khani\AppData\Roaming\npm;C:\Users\khani\AppData\Local\GitHubDesktop\bin;."/>
    <property name="maven.conf" value="C:\Program Files\NetBeans-12.0\netbeans\java\maven\bin\../conf"/>
    <property name="jdk.debug" value="release"/>
    <property name="java.class.version" value="55.0"/>
    <property name="java.specification.name" value="Java Platform API Specification"/>
    <property name="sun.management.compiler" value="HotSpot 64-Bit Tiered Compilers"/>
    <property name="os.version" value="10.0"/>
    <property name="library.jansi.path" value="C:\Program Files\NetBeans-12.0\netbeans\java\maven\bin\..\lib\jansi-native"/>
    <property name="user.home" value="C:\Users\khani"/>
    <property name="user.timezone" value="America/New_York"/>
    <property name="java.awt.printerjob" value="sun.awt.windows.WPrinterJob"/>
    <property name="file.encoding" value="UTF-8"/>
    <property name="java.specification.version" value="11"/>
    <property name="user.name" value="khani"/>
    <property name="java.class.path" value="C:\Program Files\NetBeans-12.0\netbeans\java\maven\bin\..\boot\plexus-classworlds-2.6.0.jar"/>
    <property name="java.vm.specification.version" value="11"/>
    <property name="sun.arch.data.model" value="64"/>
    <property name="sun.java.command" value="org.codehaus.plexus.classworlds.launcher.Launcher -Dtest=Vending.service.VendingServiceLayerImplTest -Dmaven.ext.class.path=C:\Program Files\NetBeans-12.0\netbeans\java\maven-nblib\netbeans-eventspy.jar -Dfile.encoding=UTF-8 surefire:test"/>
    <property name="java.home" value="C:\Program Files\Eclipse Adoptium\jdk-11.0.14.101-hotspot"/>
    <property name="user.language" value="en"/>
    <property name="java.specification.vendor" value="Oracle Corporation"/>
    <property name="awt.toolkit" value="sun.awt.windows.WToolkit"/>
    <property name="java.vm.info" value="mixed mode"/>
    <property name="java.version" value="11.0.14.1"/>
    <property name="java.vendor" value="Eclipse Adoptium"/>
    <property name="maven.home" value="C:\Program Files\NetBeans-12.0\netbeans\java\maven\bin\.."/>
    <property name="file.separator" value="\"/>
    <property name="java.version.date" value="2022-02-08"/>
    <property name="java.vendor.url.bug" value="https://github.com/adoptium/adoptium-support/issues"/>
    <property name="sun.io.unicode.encoding" value="UnicodeLittle"/>
    <property name="sun.cpu.endian" value="little"/>
    <property name="java.vendor.version" value="Temurin-11.0.14.1+1"/>
    <property name="sun.desktop" value="windows"/>
    <property name="sun.cpu.isalist" value="amd64"/>
  </properties>
  <testcase classname="Vending.service.VendingServiceLayerImplTest" name="Vending.service.VendingServiceLayerImplTest.testDisplayItems" time="0.002"/>
  <testcase classname="Vending.service.VendingServiceLayerImplTest" name="Vending.service.VendingServiceLayerImplTest.testChooseItem" time="0.002">
    <failure message="Invalid funds" type="Vending.service.VendingInsufficientFundsException">Vending.service.VendingInsufficientFundsException: Invalid funds
	at Vending.service.VendingServiceLayerImpl.chooseItem(VendingServiceLayerImpl.java:36)
	at Vending.service.VendingServiceLayerImplTest.testChooseItem(VendingServiceLayerImplTest.java:54)
</failure>
  </testcase>
  <testcase classname="Vending.service.VendingServiceLayerImplTest" name="Vending.service.VendingServiceLayerImplTest.testGetItemCost" time="0.012">
    <failure message="Should have recieved the item cost of 0.50 or 50 pennies ==&gt; expected: &lt;50.0&gt; but was: &lt;50.00&gt;" type="org.opentest4j.AssertionFailedError">org.opentest4j.AssertionFailedError: Should have recieved the item cost of 0.50 or 50 pennies ==&gt; expected: &lt;50.0&gt; but was: &lt;50.00&gt;
	at org.junit.jupiter.api.AssertionUtils.fail(AssertionUtils.java:55)
	at org.junit.jupiter.api.AssertionUtils.failNotEqual(AssertionUtils.java:62)
	at org.junit.jupiter.api.AssertEquals.assertEquals(AssertEquals.java:182)
	at org.junit.jupiter.api.Assertions.assertEquals(Assertions.java:1135)
	at Vending.service.VendingServiceLayerImplTest.testGetItemCost(VendingServiceLayerImplTest.java:128)
</failure>
  </testcase>
  <testcase classname="Vending.service.VendingServiceLayerImplTest" name="Vending.service.VendingServiceLayerImplTest.testGetInventory" time="0.001">
    <failure message="Should return 9 because the returnedItem has 7 left in stock ==&gt; expected: &lt;9&gt; but was: &lt;10&gt;" type="org.opentest4j.AssertionFailedError">org.opentest4j.AssertionFailedError: Should return 9 because the returnedItem has 7 left in stock ==&gt; expected: &lt;9&gt; but was: &lt;10&gt;
	at org.junit.jupiter.api.AssertionUtils.fail(AssertionUtils.java:55)
	at org.junit.jupiter.api.AssertionUtils.failNotEqual(AssertionUtils.java:62)
	at org.junit.jupiter.api.AssertEquals.assertEquals(AssertEquals.java:150)
	at org.junit.jupiter.api.Assertions.assertEquals(Assertions.java:542)
	at Vending.service.VendingServiceLayerImplTest.testGetInventory(VendingServiceLayerImplTest.java:142)
</failure>
  </testcase>
  <testcase classname="Vending.service.VendingServiceLayerImplTest" name="Vending.service.VendingServiceLayerImplTest.testNoItemInventoryTest" time="0.001">
    <failure message="Invalid funds" type="Vending.service.VendingInsufficientFundsException">Vending.service.VendingInsufficientFundsException: Invalid funds
	at Vending.service.VendingServiceLayerImpl.chooseItem(VendingServiceLayerImpl.java:36)
	at Vending.service.VendingServiceLayerImplTest.testNoItemInventoryTest(VendingServiceLayerImplTest.java:91)
</failure>
  </testcase>
  <testcase classname="Vending.service.VendingServiceLayerImplTest" name="Vending.service.VendingServiceLayerImplTest.testUpdateInventory" time="0.002">
    <failure message="Invalid funds" type="Vending.service.VendingInsufficientFundsException">Vending.service.VendingInsufficientFundsException: Invalid funds
	at Vending.service.VendingServiceLayerImpl.chooseItem(VendingServiceLayerImpl.java:36)
	at Vending.service.VendingServiceLayerImplTest.testUpdateInventory(VendingServiceLayerImplTest.java:111)
</failure>
  </testcase>
  <testcase classname="Vending.service.VendingServiceLayerImplTest" name="Vending.service.VendingServiceLayerImplTest.testInsufficientFunds" time="0.001">
    <failure message="Invalid funds" type="Vending.service.VendingInsufficientFundsException">Vending.service.VendingInsufficientFundsException: Invalid funds
	at Vending.service.VendingServiceLayerImpl.chooseItem(VendingServiceLayerImpl.java:36)
	at Vending.service.VendingServiceLayerImplTest.testInsufficientFunds(VendingServiceLayerImplTest.java:71)
</failure>
  </testcase>
</testsuite>